983086
983086
968520
983086
983086
934470
970281
879466
908208
908208
983086
946833
983086
983086
872545
934909
983086
883377
946833
983086
970077
970077
946833
922172
910841
910841
970077
902549
735018
966893
983086
970077
934470
980909
946833
981348
640901
883377
981348
946833
946833
970077
981348
983086
934470
946833
980909
887054
983086
979352
900881
946833
979352
849475
946833
983086
946833
983086
967332
967332
983086
983086
640901
968520
983086
979352
980909
983086
983086
980909
967332
946833
983086
980909
946833
966893
799515
816949
981348
983086
922172
516030
946833
970516
983086
979352
970077
980909
983086
946833
983086
640901
983086
836938
983086
966893
674978
856184
970281
967332
980909
640901
983086
950882
970281
965336
922172
946833
967332
922172
967332
946833
660463
808921
981348
849475
983086
980909
970516
980909
718872
946833
946833
970516
981348
946833
981348
981348
967332
981348
983086
983086
966893
934909
967332
980909
887054
934470
983086
51521
965336
916523
970077
850465
910841
902549
946833
900881
934028
979352
983086
682061
970077
946833
983086
902549
981348
983086
983086
970516
946833
983086
981348
970516
980909
866296
946833
979352
967332
970516
970281
946833
908208
946833
922172
967332
965336
934028
922172
967332
983086
718872
983086
983086
983086
983086
922172
946833
980909
983086
825816
946833
968520
983086
968520
967332
948436
983086
979352
983086
934470
934470
640901
934909
981348
946833
934470
966893
900881
980909
887054
967332
980909
968520
965336
967332
983086
849475
908208
965336
983086
946833
968520
946833
946833
967332
946833
917426
983086
946833
980909
948436
946833
979352
983086
934028
967332
983086
983086
980909
946833
980909
970077
934470
934909
934470
980909
979352
946833
799515
852911
852911
828338
970281
280865
885115
966893
967332
934909
983086
946833
934028
710258
983086
966893
946833
577189
946833
946833
970077
816949
970077
983086
917426
640288
966893
849475
922172
983086
970516
640901
902549
946833
966893
946833
946833
965336
934028
983086
966893
966893
917426
922172
946833
968520
967332
922172
981348
983086
934470
